0 info it worked if it ends with ok
1 verbose cli [ 'node',
1 verbose cli   '/usr/local/bin/npm',
1 verbose cli   'i',
1 verbose cli   '--save',
1 verbose cli   'express',
1 verbose cli   'expres-stormpath',
1 verbose cli   'jade',
1 verbose cli   'forms',
1 verbose cli   'xtend' ]
2 info using npm@1.4.28
3 info using node@v0.10.32
4 warn package.json stormpath@1.0.0 No repository field.
5 warn package.json stormpath@1.0.0 No README data
6 verbose readDependencies using package.json deps
7 verbose cache add [ 'express', null ]
8 verbose cache add name=undefined spec="express" args=["express",null]
9 verbose parsed url { protocol: null,
9 verbose parsed url   slashes: null,
9 verbose parsed url   auth: null,
9 verbose parsed url   host: null,
9 verbose parsed url   port: null,
9 verbose parsed url   hostname: null,
9 verbose parsed url   hash: null,
9 verbose parsed url   search: null,
9 verbose parsed url   query: null,
9 verbose parsed url   pathname: 'express',
9 verbose parsed url   path: 'express',
9 verbose parsed url   href: 'express' }
10 verbose cache add [ 'expres-stormpath', null ]
11 verbose cache add name=undefined spec="expres-stormpath" args=["expres-stormpath",null]
12 verbose parsed url { protocol: null,
12 verbose parsed url   slashes: null,
12 verbose parsed url   auth: null,
12 verbose parsed url   host: null,
12 verbose parsed url   port: null,
12 verbose parsed url   hostname: null,
12 verbose parsed url   hash: null,
12 verbose parsed url   search: null,
12 verbose parsed url   query: null,
12 verbose parsed url   pathname: 'expres-stormpath',
12 verbose parsed url   path: 'expres-stormpath',
12 verbose parsed url   href: 'expres-stormpath' }
13 verbose cache add [ 'jade', null ]
14 verbose cache add name=undefined spec="jade" args=["jade",null]
15 verbose parsed url { protocol: null,
15 verbose parsed url   slashes: null,
15 verbose parsed url   auth: null,
15 verbose parsed url   host: null,
15 verbose parsed url   port: null,
15 verbose parsed url   hostname: null,
15 verbose parsed url   hash: null,
15 verbose parsed url   search: null,
15 verbose parsed url   query: null,
15 verbose parsed url   pathname: 'jade',
15 verbose parsed url   path: 'jade',
15 verbose parsed url   href: 'jade' }
16 verbose cache add [ 'forms', null ]
17 verbose cache add name=undefined spec="forms" args=["forms",null]
18 verbose parsed url { protocol: null,
18 verbose parsed url   slashes: null,
18 verbose parsed url   auth: null,
18 verbose parsed url   host: null,
18 verbose parsed url   port: null,
18 verbose parsed url   hostname: null,
18 verbose parsed url   hash: null,
18 verbose parsed url   search: null,
18 verbose parsed url   query: null,
18 verbose parsed url   pathname: 'forms',
18 verbose parsed url   path: 'forms',
18 verbose parsed url   href: 'forms' }
19 verbose cache add [ 'xtend', null ]
20 verbose cache add name=undefined spec="xtend" args=["xtend",null]
21 verbose parsed url { protocol: null,
21 verbose parsed url   slashes: null,
21 verbose parsed url   auth: null,
21 verbose parsed url   host: null,
21 verbose parsed url   port: null,
21 verbose parsed url   hostname: null,
21 verbose parsed url   hash: null,
21 verbose parsed url   search: null,
21 verbose parsed url   query: null,
21 verbose parsed url   pathname: 'xtend',
21 verbose parsed url   path: 'xtend',
21 verbose parsed url   href: 'xtend' }
22 silly lockFile f3c62de4-express express
23 verbose lock express /Users/coppenheimer/.npm/f3c62de4-express.lock
24 silly lockFile deb9fc32-expres-stormpath expres-stormpath
25 verbose lock expres-stormpath /Users/coppenheimer/.npm/deb9fc32-expres-stormpath.lock
26 silly lockFile 5bd60fae-jade jade
27 verbose lock jade /Users/coppenheimer/.npm/5bd60fae-jade.lock
28 silly lockFile 453ca94c-forms forms
29 verbose lock forms /Users/coppenheimer/.npm/453ca94c-forms.lock
30 silly lockFile a732a268-xtend xtend
31 verbose lock xtend /Users/coppenheimer/.npm/a732a268-xtend.lock
32 silly lockFile f3c62de4-express express
33 silly lockFile f3c62de4-express express
34 silly lockFile deb9fc32-expres-stormpath expres-stormpath
35 silly lockFile deb9fc32-expres-stormpath expres-stormpath
36 silly lockFile 5bd60fae-jade jade
37 silly lockFile 5bd60fae-jade jade
38 silly lockFile 453ca94c-forms forms
39 silly lockFile 453ca94c-forms forms
40 verbose addNamed [ 'express', '' ]
41 verbose addNamed [ null, '*' ]
42 silly lockFile 64a534c1-express express@
43 verbose lock express@ /Users/coppenheimer/.npm/64a534c1-express.lock
44 silly lockFile a732a268-xtend xtend
45 silly lockFile a732a268-xtend xtend
46 verbose addNamed [ 'expres-stormpath', '' ]
47 verbose addNamed [ null, '*' ]
48 silly lockFile 00389daa-expres-stormpath expres-stormpath@
49 verbose lock expres-stormpath@ /Users/coppenheimer/.npm/00389daa-expres-stormpath.lock
50 verbose addNamed [ 'jade', '' ]
51 verbose addNamed [ null, '*' ]
52 silly lockFile 51d481b2-jade jade@
53 verbose lock jade@ /Users/coppenheimer/.npm/51d481b2-jade.lock
54 verbose addNamed [ 'forms', '' ]
55 verbose addNamed [ null, '*' ]
56 silly lockFile df5853fa-forms forms@
57 verbose lock forms@ /Users/coppenheimer/.npm/df5853fa-forms.lock
58 verbose addNamed [ 'xtend', '' ]
59 verbose addNamed [ null, '*' ]
60 silly lockFile d4794c79-xtend xtend@
61 verbose lock xtend@ /Users/coppenheimer/.npm/d4794c79-xtend.lock
62 silly addNameRange { name: 'express', range: '*', hasData: false }
63 silly addNameRange { name: 'expres-stormpath', range: '*', hasData: false }
64 silly addNameRange { name: 'jade', range: '*', hasData: false }
65 silly addNameRange { name: 'forms', range: '*', hasData: false }
66 verbose request where is /expres-stormpath
67 verbose request registry https://registry.npmjs.org/
68 verbose request id 510329ce2c85ac57
69 verbose url raw /expres-stormpath
70 verbose url resolving [ 'https://registry.npmjs.org/', './expres-stormpath' ]
71 verbose url resolved https://registry.npmjs.org/expres-stormpath
72 verbose request where is https://registry.npmjs.org/expres-stormpath
73 info trying registry request attempt 1 at 13:56:23
74 http GET https://registry.npmjs.org/expres-stormpath
75 silly addNameRange { name: 'xtend', range: '*', hasData: false }
76 verbose request where is /jade
77 verbose request registry https://registry.npmjs.org/
78 verbose url raw /jade
79 verbose url resolving [ 'https://registry.npmjs.org/', './jade' ]
80 verbose url resolved https://registry.npmjs.org/jade
81 verbose request where is https://registry.npmjs.org/jade
82 info trying registry request attempt 1 at 13:56:23
83 verbose etag "5Q4KARORKJ9AKV4P4JSBELBXA"
84 http GET https://registry.npmjs.org/jade
85 verbose request where is /forms
86 verbose request registry https://registry.npmjs.org/
87 verbose url raw /forms
88 verbose url resolving [ 'https://registry.npmjs.org/', './forms' ]
89 verbose url resolved https://registry.npmjs.org/forms
90 verbose request where is https://registry.npmjs.org/forms
91 info trying registry request attempt 1 at 13:56:23
92 verbose etag "EUX9POIHBG9N1I1QR0OQP5IKI"
93 http GET https://registry.npmjs.org/forms
94 verbose request where is /express
95 verbose request registry https://registry.npmjs.org/
96 verbose url raw /express
97 verbose url resolving [ 'https://registry.npmjs.org/', './express' ]
98 verbose url resolved https://registry.npmjs.org/express
99 verbose request where is https://registry.npmjs.org/express
100 info trying registry request attempt 1 at 13:56:23
101 verbose etag "1YS8D5X8TIO15OYDSFSTSXM6V"
102 http GET https://registry.npmjs.org/express
103 verbose request where is /xtend
104 verbose request registry https://registry.npmjs.org/
105 verbose url raw /xtend
106 verbose url resolving [ 'https://registry.npmjs.org/', './xtend' ]
107 verbose url resolved https://registry.npmjs.org/xtend
108 verbose request where is https://registry.npmjs.org/xtend
109 info trying registry request attempt 1 at 13:56:23
110 verbose etag "37VEECKG4LY1E2C96W9ATH1Q2"
111 http GET https://registry.npmjs.org/xtend
112 http 304 https://registry.npmjs.org/forms
113 silly registry.get cb [ 304,
113 silly registry.get   { date: 'Sun, 07 Dec 2014 21:56:21 GMT',
113 silly registry.get     server: 'Apache',
113 silly registry.get     via: '1.1 varnish',
113 silly registry.get     'last-modified': 'Sun, 07 Dec 2014 21:56:02 GMT',
113 silly registry.get     'cache-control': 'max-age=60',
113 silly registry.get     etag: '"EUX9POIHBG9N1I1QR0OQP5IKI"',
113 silly registry.get     age: '19',
113 silly registry.get     'x-served-by': 'cache-lax1428-LAX',
113 silly registry.get     'x-cache': 'HIT',
113 silly registry.get     'x-cache-hits': '1',
113 silly registry.get     'x-timer': 'S1417989381.844565,VS0,VE0',
113 silly registry.get     vary: 'Accept',
113 silly registry.get     'content-length': '0',
113 silly registry.get     'keep-alive': 'timeout=10, max=50',
113 silly registry.get     connection: 'Keep-Alive' } ]
114 verbose etag https://registry.npmjs.org/forms from cache
115 http 304 https://registry.npmjs.org/express
116 silly registry.get cb [ 304,
116 silly registry.get   { date: 'Sun, 07 Dec 2014 21:56:21 GMT',
116 silly registry.get     server: 'Apache',
116 silly registry.get     via: '1.1 varnish',
116 silly registry.get     'last-modified': 'Sun, 07 Dec 2014 21:56:21 GMT',
116 silly registry.get     'cache-control': 'max-age=60',
116 silly registry.get     etag: '"1YS8D5X8TIO15OYDSFSTSXM6V"',
116 silly registry.get     age: '22',
116 silly registry.get     'x-served-by': 'cache-lax1423-LAX',
116 silly registry.get     'x-cache': 'HIT',
116 silly registry.get     'x-cache-hits': '1',
116 silly registry.get     'x-timer': 'S1417989381.850913,VS0,VE1',
116 silly registry.get     vary: 'Accept',
116 silly registry.get     'content-length': '0',
116 silly registry.get     'keep-alive': 'timeout=10, max=50',
116 silly registry.get     connection: 'Keep-Alive' } ]
117 verbose etag https://registry.npmjs.org/express from cache
118 http 304 https://registry.npmjs.org/xtend
119 silly registry.get cb [ 304,
119 silly registry.get   { date: 'Sun, 07 Dec 2014 21:56:21 GMT',
119 silly registry.get     server: 'Apache',
119 silly registry.get     via: '1.1 varnish',
119 silly registry.get     'last-modified': 'Sun, 07 Dec 2014 21:55:43 GMT',
119 silly registry.get     'cache-control': 'max-age=60',
119 silly registry.get     etag: '"37VEECKG4LY1E2C96W9ATH1Q2"',
119 silly registry.get     age: '40',
119 silly registry.get     'x-served-by': 'cache-lax1431-LAX',
119 silly registry.get     'x-cache': 'HIT',
119 silly registry.get     'x-cache-hits': '2',
119 silly registry.get     'x-timer': 'S1417989381.858961,VS0,VE0',
119 silly registry.get     vary: 'Accept',
119 silly registry.get     'content-length': '0',
119 silly registry.get     'keep-alive': 'timeout=10, max=50',
119 silly registry.get     connection: 'Keep-Alive' } ]
120 verbose etag https://registry.npmjs.org/xtend from cache
121 silly addNameRange number 2 { name: 'forms', range: '*', hasData: true }
122 silly addNameRange versions [ 'forms',
122 silly addNameRange   [ '0.1.0',
122 silly addNameRange     '0.1.1',
122 silly addNameRange     '0.1.2',
122 silly addNameRange     '0.1.3',
122 silly addNameRange     '0.1.4',
122 silly addNameRange     '0.2.0',
122 silly addNameRange     '0.2.1',
122 silly addNameRange     '0.2.2',
122 silly addNameRange     '0.2.3',
122 silly addNameRange     '0.3.0',
122 silly addNameRange     '0.4.0',
122 silly addNameRange     '0.4.1',
122 silly addNameRange     '0.5.0',
122 silly addNameRange     '0.6.0',
122 silly addNameRange     '0.7.0',
122 silly addNameRange     '0.8.1',
122 silly addNameRange     '0.9.0',
122 silly addNameRange     '0.9.1',
122 silly addNameRange     '0.9.2',
122 silly addNameRange     '0.9.3',
122 silly addNameRange     '0.9.4',
122 silly addNameRange     '0.9.5',
122 silly addNameRange     '0.9.6',
122 silly addNameRange     '0.10.0',
122 silly addNameRange     '1.0.0' ] ]
123 verbose addNamed [ 'forms', '1.0.0' ]
124 verbose addNamed [ '1.0.0', '1.0.0' ]
125 silly lockFile d267561b-forms-1-0-0 forms@1.0.0
126 verbose lock forms@1.0.0 /Users/coppenheimer/.npm/d267561b-forms-1-0-0.lock
127 silly addNameRange number 2 { name: 'express', range: '*', hasData: true }
128 silly addNameRange versions [ 'express',
128 silly addNameRange   [ '0.14.0',
128 silly addNameRange     '0.14.1',
128 silly addNameRange     '1.0.0',
128 silly addNameRange     '1.0.1',
128 silly addNameRange     '1.0.2',
128 silly addNameRange     '1.0.3',
128 silly addNameRange     '1.0.4',
128 silly addNameRange     '1.0.5',
128 silly addNameRange     '1.0.6',
128 silly addNameRange     '1.0.7',
128 silly addNameRange     '1.0.8',
128 silly addNameRange     '2.0.0',
128 silly addNameRange     '2.1.0',
128 silly addNameRange     '2.1.1',
128 silly addNameRange     '2.2.0',
128 silly addNameRange     '2.2.1',
128 silly addNameRange     '2.2.2',
128 silly addNameRange     '2.3.0',
128 silly addNameRange     '2.3.1',
128 silly addNameRange     '2.3.2',
128 silly addNameRange     '2.3.3',
128 silly addNameRange     '2.3.4',
128 silly addNameRange     '2.3.5',
128 silly addNameRange     '2.3.6',
128 silly addNameRange     '2.3.7',
128 silly addNameRange     '2.3.8',
128 silly addNameRange     '2.3.9',
128 silly addNameRange     '2.3.10',
128 silly addNameRange     '2.3.11',
128 silly addNameRange     '2.3.12',
128 silly addNameRange     '2.4.0',
128 silly addNameRange     '2.4.1',
128 silly addNameRange     '2.4.2',
128 silly addNameRange     '2.4.3',
128 silly addNameRange     '2.4.4',
128 silly addNameRange     '2.4.5',
128 silly addNameRange     '2.4.6',
128 silly addNameRange     '2.4.7',
128 silly addNameRange     '2.5.0',
128 silly addNameRange     '2.5.1',
128 silly addNameRange     '2.5.2',
128 silly addNameRange     '2.5.3',
128 silly addNameRange     '2.5.4',
128 silly addNameRange     '2.5.5',
128 silly addNameRange     '2.5.6',
128 silly addNameRange     '2.5.7',
128 silly addNameRange     '2.5.8',
128 silly addNameRange     '2.5.9',
128 silly addNameRange     '2.5.10',
128 silly addNameRange     '2.5.11',
128 silly addNameRange     '3.0.0',
128 silly addNameRange     '3.0.1',
128 silly addNameRange     '3.0.2',
128 silly addNameRange     '3.0.3',
128 silly addNameRange     '3.0.4',
128 silly addNameRange     '3.0.5',
128 silly addNameRange     '3.0.6',
128 silly addNameRange     '3.1.0',
128 silly addNameRange     '3.1.1',
128 silly addNameRange     '3.1.2',
128 silly addNameRange     '3.2.0',
128 silly addNameRange     '3.2.1',
128 silly addNameRange     '3.2.2',
128 silly addNameRange     '3.2.3',
128 silly addNameRange     '3.2.4',
128 silly addNameRange     '3.2.5',
128 silly addNameRange     '3.2.6',
128 silly addNameRange     '3.3.0',
128 silly addNameRange     '3.3.1',
128 silly addNameRange     '3.3.2',
128 silly addNameRange     '3.3.3',
128 silly addNameRange     '3.3.4',
128 silly addNameRange     '3.3.5',
128 silly addNameRange     '3.3.6',
128 silly addNameRange     '1.0.0-beta',
128 silly addNameRange     '1.0.0-beta2',
128 silly addNameRange     '1.0.0-rc',
128 silly addNameRange     '1.0.0-rc2',
128 silly addNameRange     '1.0.0-rc3',
128 silly addNameRange     '1.0.0-rc4',
128 silly addNameRange     '2.0.0-beta',
128 silly addNameRange     '2.0.0-beta2',
128 silly addNameRange     '2.0.0-beta3',
128 silly addNameRange     '2.0.0-rc',
128 silly addNameRange     '2.0.0-rc2',
128 silly addNameRange     '2.0.0-rc3',
128 silly addNameRange     '3.0.0-alpha1',
128 silly addNameRange     '3.0.0-alpha2',
128 silly addNameRange     '3.0.0-alpha3',
128 silly addNameRange     '3.0.0-alpha4',
128 silly addNameRange     '3.0.0-alpha5',
128 silly addNameRange     '3.0.0-beta1',
128 silly addNameRange     '3.0.0-beta2',
128 silly addNameRange     '3.0.0-beta3',
128 silly addNameRange     '3.0.0-beta4',
128 silly addNameRange     '3.0.0-beta6',
128 silly addNameRange     '3.0.0-beta7',
128 silly addNameRange     '3.0.0-rc1',
128 silly addNameRange     '3.0.0-rc2',
128 silly addNameRange     '3.0.0-rc3',
128 silly addNameRange     '3.0.0-rc4',
128 silly addNameRange     '3.0.0-rc5',
128 silly addNameRange     '3.3.7',
128 silly addNameRange     '3.3.8',
128 silly addNameRange     '3.4.0',
128 silly addNameRange     '3.4.1',
128 silly addNameRange     '3.4.2',
128 silly addNameRange     '3.4.3',
128 silly addNameRange     '3.4.4',
128 silly addNameRange     '3.4.5',
128 silly addNameRange     '3.4.6',
128 silly addNameRange     '3.4.7',
128 silly addNameRange     '3.4.8',
128 silly addNameRange     '4.0.0-rc1',
128 silly addNameRange     '4.0.0-rc2',
128 silly addNameRange     '3.5.0',
128 silly addNameRange     '4.0.0-rc3',
128 silly addNameRange     '4.0.0-rc4',
128 silly addNameRange     '3.5.1',
128 silly addNameRange     '4.0.0',
128 silly addNameRange     '3.5.2',
128 silly addNameRange     '4.1.0',
128 silly addNameRange     '4.1.1',
128 silly addNameRange     '3.5.3',
128 silly addNameRange     '4.1.2',
128 silly addNameRange     '3.6.0',
128 silly addNameRange     '4.2.0',
128 silly addNameRange     '3.7.0',
128 silly addNameRange     '3.8.0',
128 silly addNameRange     '4.3.0',
128 silly addNameRange     '4.3.1',
128 silly addNameRange     '3.8.1',
128 silly addNameRange     '4.3.2',
128 silly addNameRange     '3.9.0',
128 silly addNameRange     '4.4.0',
128 silly addNameRange     '4.4.1',
128 silly addNameRange     '3.10.0',
128 silly addNameRange     '3.10.1',
128 silly addNameRange     '3.10.2',
128 silly addNameRange     '3.10.3',
128 silly addNameRange     '3.10.4',
128 silly addNameRange     '4.4.2',
128 silly addNameRange     '3.10.5',
128 silly addNameRange     '4.4.3',
128 silly addNameRange     '3.11.0',
128 silly addNameRange     '4.4.4',
128 silly addNameRange     '3.12.0',
128 silly addNameRange     '3.12.1',
128 silly addNameRange     '4.4.5',
128 silly addNameRange     '3.13.0',
128 silly addNameRange     '4.5.0',
128 silly addNameRange     '4.5.1',
128 silly addNameRange     '3.14.0',
128 silly addNameRange     '4.6.0',
128 silly addNameRange     '4.6.1',
128 silly addNameRange     '3.15.0',
128 silly addNameRange     '4.7.0',
128 silly addNameRange     '3.15.1',
128 silly addNameRange     '4.7.1',
128 silly addNameRange     '3.15.2',
128 silly addNameRange     '4.7.2',
128 silly addNameRange     '4.7.3',
128 silly addNameRange     '3.15.3',
128 silly addNameRange     '4.7.4',
128 silly addNameRange     '3.16.0',
128 silly addNameRange     '4.8.0',
128 silly addNameRange     '3.16.1',
128 silly addNameRange     '4.8.1',
128 silly addNameRange     '3.16.2',
128 silly addNameRange     '4.8.2',
128 silly addNameRange     '3.16.3',
128 silly addNameRange     '3.16.4',
128 silly addNameRange     '4.8.3',
128 silly addNameRange     '3.16.5',
128 silly addNameRange     '3.16.6',
128 silly addNameRange     '4.8.4',
128 silly addNameRange     '3.16.7',
128 silly addNameRange     '4.8.5',
128 silly addNameRange     '3.16.8',
128 silly addNameRange     '4.8.6',
128 silly addNameRange     '3.16.9',
128 silly addNameRange     '4.8.7',
128 silly addNameRange     '3.16.10',
128 silly addNameRange     '4.8.8',
128 silly addNameRange     '3.17.0',
128 silly addNameRange     '3.17.1',
128 silly addNameRange     '4.9.0',
128 silly addNameRange     '3.17.2',
128 silly addNameRange     '4.9.1',
128 silly addNameRange     '4.9.2',
128 silly addNameRange     '3.17.3',
128 silly addNameRange     '4.9.3',
128 silly addNameRange     '3.17.4',
128 silly addNameRange     '4.9.4',
128 silly addNameRange     '3.17.5',
128 silly addNameRange     '4.9.5',
128 silly addNameRange     '3.17.6',
128 silly addNameRange     '3.17.7',
128 silly addNameRange     '4.9.6',
128 silly addNameRange     '4.9.7',
128 silly addNameRange     '3.17.8',
128 silly addNameRange     '4.9.8',
128 silly addNameRange     '3.18.0',
128 silly addNameRange     '3.18.1',
128 silly addNameRange     '4.10.0',
128 silly addNameRange     '3.18.2',
128 silly addNameRange     '4.10.1',
128 silly addNameRange     '5.0.0-alpha.1',
128 silly addNameRange     '3.18.3',
128 silly addNameRange     '4.10.2',
128 silly addNameRange     '3.18.4',
128 silly addNameRange     '4.10.3',
128 silly addNameRange     '4.10.4' ] ]
129 verbose addNamed [ 'express', '4.10.4' ]
130 verbose addNamed [ '4.10.4', '4.10.4' ]
131 silly lockFile c05f2c08-express-4-10-4 express@4.10.4
132 verbose lock express@4.10.4 /Users/coppenheimer/.npm/c05f2c08-express-4-10-4.lock
133 silly addNameRange number 2 { name: 'xtend', range: '*', hasData: true }
134 silly addNameRange versions [ 'xtend',
134 silly addNameRange   [ '1.0.0',
134 silly addNameRange     '1.0.1',
134 silly addNameRange     '1.0.2',
134 silly addNameRange     '1.0.3',
134 silly addNameRange     '2.0.1',
134 silly addNameRange     '2.0.2',
134 silly addNameRange     '2.0.3',
134 silly addNameRange     '2.0.4',
134 silly addNameRange     '2.0.5',
134 silly addNameRange     '2.0.6',
134 silly addNameRange     '2.1.1',
134 silly addNameRange     '2.1.2',
134 silly addNameRange     '2.2.0',
134 silly addNameRange     '3.0.0',
134 silly addNameRange     '4.0.0' ] ]
135 verbose addNamed [ 'xtend', '4.0.0' ]
136 verbose addNamed [ '4.0.0', '4.0.0' ]
137 silly lockFile cf5db8a8-xtend-4-0-0 xtend@4.0.0
138 verbose lock xtend@4.0.0 /Users/coppenheimer/.npm/cf5db8a8-xtend-4-0-0.lock
139 silly lockFile d267561b-forms-1-0-0 forms@1.0.0
140 silly lockFile d267561b-forms-1-0-0 forms@1.0.0
141 silly lockFile c05f2c08-express-4-10-4 express@4.10.4
142 silly lockFile c05f2c08-express-4-10-4 express@4.10.4
143 silly lockFile cf5db8a8-xtend-4-0-0 xtend@4.0.0
144 silly lockFile cf5db8a8-xtend-4-0-0 xtend@4.0.0
145 silly lockFile df5853fa-forms forms@
146 silly lockFile df5853fa-forms forms@
147 silly lockFile 64a534c1-express express@
148 silly lockFile 64a534c1-express express@
149 silly lockFile d4794c79-xtend xtend@
150 silly lockFile d4794c79-xtend xtend@
151 http 404 https://registry.npmjs.org/expres-stormpath
152 verbose headers { date: 'Sun, 07 Dec 2014 21:56:22 GMT',
152 verbose headers   server: 'CouchDB/1.5.0 (Erlang OTP/R16B03)',
152 verbose headers   'content-type': 'application/json',
152 verbose headers   'cache-control': 'max-age=0',
152 verbose headers   'content-length': '52',
152 verbose headers   'accept-ranges': 'bytes',
152 verbose headers   via: '1.1 varnish',
152 verbose headers   age: '0',
152 verbose headers   'x-served-by': 'cache-lax1430-LAX',
152 verbose headers   'x-cache': 'MISS',
152 verbose headers   'x-cache-hits': '0',
152 verbose headers   'x-timer': 'S1417989381.812482,VS0,VE305',
152 verbose headers   'keep-alive': 'timeout=10, max=50',
152 verbose headers   connection: 'Keep-Alive' }
153 silly registry.get cb [ 404,
153 silly registry.get   { date: 'Sun, 07 Dec 2014 21:56:22 GMT',
153 silly registry.get     server: 'CouchDB/1.5.0 (Erlang OTP/R16B03)',
153 silly registry.get     'content-type': 'application/json',
153 silly registry.get     'cache-control': 'max-age=0',
153 silly registry.get     'content-length': '52',
153 silly registry.get     'accept-ranges': 'bytes',
153 silly registry.get     via: '1.1 varnish',
153 silly registry.get     age: '0',
153 silly registry.get     'x-served-by': 'cache-lax1430-LAX',
153 silly registry.get     'x-cache': 'MISS',
153 silly registry.get     'x-cache-hits': '0',
153 silly registry.get     'x-timer': 'S1417989381.812482,VS0,VE305',
153 silly registry.get     'keep-alive': 'timeout=10, max=50',
153 silly registry.get     connection: 'Keep-Alive' } ]
154 silly lockFile 00389daa-expres-stormpath expres-stormpath@
155 silly lockFile 00389daa-expres-stormpath expres-stormpath@
156 http 304 https://registry.npmjs.org/jade
157 silly registry.get cb [ 304,
157 silly registry.get   { date: 'Sun, 07 Dec 2014 21:56:21 GMT',
157 silly registry.get     server: 'Apache',
157 silly registry.get     via: '1.1 varnish',
157 silly registry.get     'last-modified': 'Sun, 07 Dec 2014 21:56:22 GMT',
157 silly registry.get     'cache-control': 'max-age=60',
157 silly registry.get     etag: '"5Q4KARORKJ9AKV4P4JSBELBXA"',
157 silly registry.get     age: '0',
157 silly registry.get     'x-served-by': 'cache-lax1434-LAX',
157 silly registry.get     'x-cache': 'HIT',
157 silly registry.get     'x-cache-hits': '1',
157 silly registry.get     'x-timer': 'S1417989381.836707,VS0,VE313',
157 silly registry.get     vary: 'Accept',
157 silly registry.get     'content-length': '0',
157 silly registry.get     'keep-alive': 'timeout=10, max=50',
157 silly registry.get     connection: 'Keep-Alive' } ]
158 verbose etag https://registry.npmjs.org/jade from cache
159 silly addNameRange number 2 { name: 'jade', range: '*', hasData: true }
160 silly addNameRange versions [ 'jade',
160 silly addNameRange   [ '0.0.1',
160 silly addNameRange     '0.0.2',
160 silly addNameRange     '0.1.0',
160 silly addNameRange     '0.2.0',
160 silly addNameRange     '0.2.1',
160 silly addNameRange     '0.2.2',
160 silly addNameRange     '0.2.3',
160 silly addNameRange     '0.2.4',
160 silly addNameRange     '0.3.0',
160 silly addNameRange     '0.4.0',
160 silly addNameRange     '0.4.1',
160 silly addNameRange     '0.5.0',
160 silly addNameRange     '0.5.1',
160 silly addNameRange     '0.5.2',
160 silly addNameRange     '0.5.3',
160 silly addNameRange     '0.5.4',
160 silly addNameRange     '0.5.5',
160 silly addNameRange     '0.5.6',
160 silly addNameRange     '0.5.7',
160 silly addNameRange     '0.6.0',
160 silly addNameRange     '0.6.1',
160 silly addNameRange     '0.6.3',
160 silly addNameRange     '0.7.0',
160 silly addNameRange     '0.7.1',
160 silly addNameRange     '0.8.0',
160 silly addNameRange     '0.8.1',
160 silly addNameRange     '0.8.2',
160 silly addNameRange     '0.8.3',
160 silly addNameRange     '0.8.4',
160 silly addNameRange     '0.8.5',
160 silly addNameRange     '0.8.6',
160 silly addNameRange     '0.8.7',
160 silly addNameRange     '0.8.8',
160 silly addNameRange     '0.8.9',
160 silly addNameRange     '0.9.0',
160 silly addNameRange     '0.9.1',
160 silly addNameRange     '0.9.2',
160 silly addNameRange     '0.9.3',
160 silly addNameRange     '0.10.0',
160 silly addNameRange     '0.10.1',
160 silly addNameRange     '0.10.2',
160 silly addNameRange     '0.10.3',
160 silly addNameRange     '0.10.4',
160 silly addNameRange     '0.10.5',
160 silly addNameRange     '0.10.6',
160 silly addNameRange     '0.10.7',
160 silly addNameRange     '0.11.0',
160 silly addNameRange     '0.11.1',
160 silly addNameRange     '0.12.0',
160 silly addNameRange     '0.12.1',
160 silly addNameRange     '0.12.2',
160 silly addNameRange     '0.12.3',
160 silly addNameRange     '0.12.4',
160 silly addNameRange     '0.13.0',
160 silly addNameRange     '0.14.0',
160 silly addNameRange     '0.14.1',
160 silly addNameRange     '0.14.2',
160 silly addNameRange     '0.15.0',
160 silly addNameRange     '0.15.1',
160 silly addNameRange     '0.15.2',
160 silly addNameRange     '0.15.3',
160 silly addNameRange     '0.15.4',
160 silly addNameRange     '0.16.0',
160 silly addNameRange     '0.16.1',
160 silly addNameRange     '0.16.2',
160 silly addNameRange     '0.16.3',
160 silly addNameRange     '0.16.4',
160 silly addNameRange     '0.17.0',
160 silly addNameRange     '0.18.0',
160 silly addNameRange     '0.19.0',
160 silly addNameRange     '0.20.0',
160 silly addNameRange     '0.20.1',
160 silly addNameRange     '0.20.2',
160 silly addNameRange     '0.20.3',
160 silly addNameRange     '0.21.0',
160 silly addNameRange     '0.22.0',
160 silly addNameRange     '0.22.1',
160 silly addNameRange     '0.23.0',
160 silly addNameRange     '0.24.0',
160 silly addNameRange     '0.25.0',
160 silly addNameRange     '0.26.0',
160 silly addNameRange     '0.26.1',
160 silly addNameRange     '0.26.2',
160 silly addNameRange     '0.26.3',
160 silly addNameRange     '0.27.0',
160 silly addNameRange     '0.27.1',
160 silly addNameRange     '0.27.2',
160 silly addNameRange     '0.27.3',
160 silly addNameRange     '0.27.4',
160 silly addNameRange     '0.27.5',
160 silly addNameRange     '0.27.6',
160 silly addNameRange     '0.27.7',
160 silly addNameRange     '0.28.0',
160 silly addNameRange     '0.28.1',
160 silly addNameRange     '0.28.2',
160 silly addNameRange     '0.29.0',
160 silly addNameRange     '0.30.0',
160 silly addNameRange     '0.31.0',
160 silly addNameRange     '0.31.1',
160 silly addNameRange     '0.31.2',
160 silly addNameRange     '0.32.0',
160 silly addNameRange     '0.33.0',
160 silly addNameRange     '0.34.0',
160 silly addNameRange     '0.34.1',
160 silly addNameRange     '0.35.0',
160 silly addNameRange     '1.0.0',
160 silly addNameRange     '1.0.1',
160 silly addNameRange     '1.0.2',
160 silly addNameRange     '1.1.0',
160 silly addNameRange     '1.1.1',
160 silly addNameRange     '1.1.2',
160 silly addNameRange     '1.1.3',
160 silly addNameRange     '1.1.4',
160 silly addNameRange     '1.1.5',
160 silly addNameRange     '1.2.0',
160 silly addNameRange     '1.3.0',
160 silly addNameRange     '1.3.1',
160 silly addNameRange     '1.4.0',
160 silly addNameRange     '1.4.1',
160 silly addNameRange     '1.4.2',
160 silly addNameRange     '1.5.0',
160 silly addNameRange     '1.6.0',
160 silly addNameRange     '1.7.0',
160 silly addNameRange     '1.8.0',
160 silly addNameRange     '1.8.1' ] ]
161 verbose addNamed [ 'jade', '1.8.1' ]
162 verbose addNamed [ '1.8.1', '1.8.1' ]
163 silly lockFile 68345736-jade-1-8-1 jade@1.8.1
164 verbose lock jade@1.8.1 /Users/coppenheimer/.npm/68345736-jade-1-8-1.lock
165 silly lockFile 68345736-jade-1-8-1 jade@1.8.1
166 silly lockFile 68345736-jade-1-8-1 jade@1.8.1
167 silly lockFile 51d481b2-jade jade@
168 silly lockFile 51d481b2-jade jade@
169 error 404 404 Not Found: expres-stormpath
169 error 404
169 error 404 'expres-stormpath' is not in the npm registry.
169 error 404 You should bug the author to publish it
169 error 404 It was specified as a dependency of 'stormpath'
169 error 404
169 error 404 Note that you can also install from a
169 error 404 tarball, folder, or http url, or git url.
170 error System Darwin 14.0.0
171 error command "node" "/usr/local/bin/npm" "i" "--save" "express" "expres-stormpath" "jade" "forms" "xtend"
172 error cwd /Users/coppenheimer/node/stormpath
173 error node -v v0.10.32
174 error npm -v 1.4.28
175 error code E404
176 verbose exit [ 1, true ]
